2019-07-31T15:10:37+00:00 CRITICAL Uncaught Error: Call to undefined function twentyseventeen_is_frontpage() in /home/u4607/test.si-shop.ru/WWW/wp-content/themes/twentyseventeen/template-parts/header/site-branding.php:33
Stack trace:
#0 /home/u4607/test.si-shop.ru/WWW/wp-includes/template.php(724): require()
#1 /home/u4607/test.si-shop.ru/WWW/wp-includes/template.php(671): load_template('/home/u4607/tes...', false)
#2 /home/u4607/test.si-shop.ru/WWW/wp-includes/general-template.php(168): locate_template(Array, true, false)
#3 /home/u4607/test.si-shop.ru/WWW/wp-content/themes/twentyseventeen/template-parts/header/header-image.php(18): get_template_part('template-parts/...', 'branding')
#4 /home/u4607/test.si-shop.ru/WWW/wp-includes/template.php(724): require('/home/u4607/tes...')
#5 /home/u4607/test.si-shop.ru/WWW/wp-includes/template.php(671): load_template('/home/u4607/tes...', false)
#6 /home/u4607/test.si-shop.ru/WWW/wp-includes/general-template.php(168): locate_template(Array, true, false)
#7 /home/u4607/test.si-shop.ru/WWW/wp-content/them в /home/u4607/test.si-shop.ru/WWW/wp-content/themes/twentyseventeen/template-parts/header/site-branding.php на строке 33

2019-07-31T15:11:40+00:00 CRITICAL Uncaught Error: Call to undefined function twentyseventeen_is_frontpage() in /home/u4607/test.si-shop.ru/WWW/wp-content/themes/twentyseventeen/template-parts/header/site-branding.php:33
Stack trace:
#0 /home/u4607/test.si-shop.ru/WWW/wp-includes/template.php(724): require()
#1 /home/u4607/test.si-shop.ru/WWW/wp-includes/template.php(671): load_template('/home/u4607/tes...', false)
#2 /home/u4607/test.si-shop.ru/WWW/wp-includes/general-template.php(168): locate_template(Array, true, false)
#3 /home/u4607/test.si-shop.ru/WWW/wp-content/themes/twentyseventeen/template-parts/header/header-image.php(18): get_template_part('template-parts/...', 'branding')
#4 /home/u4607/test.si-shop.ru/WWW/wp-includes/template.php(724): require('/home/u4607/tes...')
#5 /home/u4607/test.si-shop.ru/WWW/wp-includes/template.php(671): load_template('/home/u4607/tes...', false)
#6 /home/u4607/test.si-shop.ru/WWW/wp-includes/general-template.php(168): locate_template(Array, true, false)
#7 /home/u4607/test.si-shop.ru/WWW/wp-content/them в /home/u4607/test.si-shop.ru/WWW/wp-content/themes/twentyseventeen/template-parts/header/site-branding.php на строке 33

2019-07-31T16:18:49+00:00 CRITICAL Uncaught Error: Call to undefined function twentyseventeen_is_frontpage() in /home/u4607/test.si-shop.ru/WWW/wp-content/themes/twentyseventeen/template-parts/header/site-branding.php:33
Stack trace:
#0 /home/u4607/test.si-shop.ru/WWW/wp-includes/template.php(724): require()
#1 /home/u4607/test.si-shop.ru/WWW/wp-includes/template.php(671): load_template('/home/u4607/tes...', false)
#2 /home/u4607/test.si-shop.ru/WWW/wp-includes/general-template.php(168): locate_template(Array, true, false)
#3 /home/u4607/test.si-shop.ru/WWW/wp-content/themes/twentyseventeen/template-parts/header/header-image.php(18): get_template_part('template-parts/...', 'branding')
#4 /home/u4607/test.si-shop.ru/WWW/wp-includes/template.php(724): require('/home/u4607/tes...')
#5 /home/u4607/test.si-shop.ru/WWW/wp-includes/template.php(671): load_template('/home/u4607/tes...', false)
#6 /home/u4607/test.si-shop.ru/WWW/wp-includes/general-template.php(168): locate_template(Array, true, false)
#7 /home/u4607/test.si-shop.ru/WWW/wp-content/them в /home/u4607/test.si-shop.ru/WWW/wp-content/themes/twentyseventeen/template-parts/header/site-branding.php на строке 33

2019-07-31T18:38:53+00:00 CRITICAL Uncaught Error: Call to undefined function twentyseventeen_is_frontpage() in /home/u4607/test.si-shop.ru/WWW/wp-content/themes/twentyseventeen/template-parts/header/site-branding.php:33
Stack trace:
#0 /home/u4607/test.si-shop.ru/WWW/wp-includes/template.php(724): require()
#1 /home/u4607/test.si-shop.ru/WWW/wp-includes/template.php(671): load_template('/home/u4607/tes...', false)
#2 /home/u4607/test.si-shop.ru/WWW/wp-includes/general-template.php(168): locate_template(Array, true, false)
#3 /home/u4607/test.si-shop.ru/WWW/wp-content/themes/twentyseventeen/template-parts/header/header-image.php(18): get_template_part('template-parts/...', 'branding')
#4 /home/u4607/test.si-shop.ru/WWW/wp-includes/template.php(724): require('/home/u4607/tes...')
#5 /home/u4607/test.si-shop.ru/WWW/wp-includes/template.php(671): load_template('/home/u4607/tes...', false)
#6 /home/u4607/test.si-shop.ru/WWW/wp-includes/general-template.php(168): locate_template(Array, true, false)
#7 /home/u4607/test.si-shop.ru/WWW/wp-content/them в /home/u4607/test.si-shop.ru/WWW/wp-content/themes/twentyseventeen/template-parts/header/site-branding.php на строке 33

2019-07-31T18:42:35+00:00 CRITICAL Uncaught Error: Call to undefined function twentyseventeen_is_frontpage() in /home/u4607/test.si-shop.ru/WWW/wp-content/themes/twentyseventeen/template-parts/header/site-branding.php:33
Stack trace:
#0 /home/u4607/test.si-shop.ru/WWW/wp-includes/template.php(724): require()
#1 /home/u4607/test.si-shop.ru/WWW/wp-includes/template.php(671): load_template('/home/u4607/tes...', false)
#2 /home/u4607/test.si-shop.ru/WWW/wp-includes/general-template.php(168): locate_template(Array, true, false)
#3 /home/u4607/test.si-shop.ru/WWW/wp-content/themes/twentyseventeen/template-parts/header/header-image.php(18): get_template_part('template-parts/...', 'branding')
#4 /home/u4607/test.si-shop.ru/WWW/wp-includes/template.php(724): require('/home/u4607/tes...')
#5 /home/u4607/test.si-shop.ru/WWW/wp-includes/template.php(671): load_template('/home/u4607/tes...', false)
#6 /home/u4607/test.si-shop.ru/WWW/wp-includes/general-template.php(168): locate_template(Array, true, false)
#7 /home/u4607/test.si-shop.ru/WWW/wp-content/them в /home/u4607/test.si-shop.ru/WWW/wp-content/themes/twentyseventeen/template-parts/header/site-branding.php на строке 33

2019-07-31T18:42:52+00:00 CRITICAL Uncaught Error: Call to undefined function twentyseventeen_is_frontpage() in /home/u4607/test.si-shop.ru/WWW/wp-content/themes/twentyseventeen/template-parts/header/site-branding.php:33
Stack trace:
#0 /home/u4607/test.si-shop.ru/WWW/wp-includes/template.php(724): require()
#1 /home/u4607/test.si-shop.ru/WWW/wp-includes/template.php(671): load_template('/home/u4607/tes...', false)
#2 /home/u4607/test.si-shop.ru/WWW/wp-includes/general-template.php(168): locate_template(Array, true, false)
#3 /home/u4607/test.si-shop.ru/WWW/wp-content/themes/twentyseventeen/template-parts/header/header-image.php(18): get_template_part('template-parts/...', 'branding')
#4 /home/u4607/test.si-shop.ru/WWW/wp-includes/template.php(724): require('/home/u4607/tes...')
#5 /home/u4607/test.si-shop.ru/WWW/wp-includes/template.php(671): load_template('/home/u4607/tes...', false)
#6 /home/u4607/test.si-shop.ru/WWW/wp-includes/general-template.php(168): locate_template(Array, true, false)
#7 /home/u4607/test.si-shop.ru/WWW/wp-content/them в /home/u4607/test.si-shop.ru/WWW/wp-content/themes/twentyseventeen/template-parts/header/site-branding.php на строке 33

2019-07-31T18:43:02+00:00 CRITICAL Uncaught Error: Call to undefined function twentyseventeen_is_frontpage() in /home/u4607/test.si-shop.ru/WWW/wp-content/themes/twentyseventeen/template-parts/header/site-branding.php:33
Stack trace:
#0 /home/u4607/test.si-shop.ru/WWW/wp-includes/template.php(724): require()
#1 /home/u4607/test.si-shop.ru/WWW/wp-includes/template.php(671): load_template('/home/u4607/tes...', false)
#2 /home/u4607/test.si-shop.ru/WWW/wp-includes/general-template.php(168): locate_template(Array, true, false)
#3 /home/u4607/test.si-shop.ru/WWW/wp-content/themes/twentyseventeen/template-parts/header/header-image.php(18): get_template_part('template-parts/...', 'branding')
#4 /home/u4607/test.si-shop.ru/WWW/wp-includes/template.php(724): require('/home/u4607/tes...')
#5 /home/u4607/test.si-shop.ru/WWW/wp-includes/template.php(671): load_template('/home/u4607/tes...', false)
#6 /home/u4607/test.si-shop.ru/WWW/wp-includes/general-template.php(168): locate_template(Array, true, false)
#7 /home/u4607/test.si-shop.ru/WWW/wp-content/them в /home/u4607/test.si-shop.ru/WWW/wp-content/themes/twentyseventeen/template-parts/header/site-branding.php на строке 33

2019-07-31T18:43:23+00:00 CRITICAL Uncaught Error: Call to undefined function twentyseventeen_is_frontpage() in /home/u4607/test.si-shop.ru/WWW/wp-content/themes/twentyseventeen/template-parts/header/site-branding.php:33
Stack trace:
#0 /home/u4607/test.si-shop.ru/WWW/wp-includes/template.php(724): require()
#1 /home/u4607/test.si-shop.ru/WWW/wp-includes/template.php(671): load_template('/home/u4607/tes...', false)
#2 /home/u4607/test.si-shop.ru/WWW/wp-includes/general-template.php(168): locate_template(Array, true, false)
#3 /home/u4607/test.si-shop.ru/WWW/wp-content/themes/twentyseventeen/template-parts/header/header-image.php(18): get_template_part('template-parts/...', 'branding')
#4 /home/u4607/test.si-shop.ru/WWW/wp-includes/template.php(724): require('/home/u4607/tes...')
#5 /home/u4607/test.si-shop.ru/WWW/wp-includes/template.php(671): load_template('/home/u4607/tes...', false)
#6 /home/u4607/test.si-shop.ru/WWW/wp-includes/general-template.php(168): locate_template(Array, true, false)
#7 /home/u4607/test.si-shop.ru/WWW/wp-content/them в /home/u4607/test.si-shop.ru/WWW/wp-content/themes/twentyseventeen/template-parts/header/site-branding.php на строке 33

2019-07-31T18:44:49+00:00 CRITICAL Uncaught Error: Call to undefined function twentyseventeen_is_frontpage() in /home/u4607/test.si-shop.ru/WWW/wp-content/themes/twentyseventeen/template-parts/header/site-branding.php:33
Stack trace:
#0 /home/u4607/test.si-shop.ru/WWW/wp-includes/template.php(724): require()
#1 /home/u4607/test.si-shop.ru/WWW/wp-includes/template.php(671): load_template('/home/u4607/tes...', false)
#2 /home/u4607/test.si-shop.ru/WWW/wp-includes/general-template.php(168): locate_template(Array, true, false)
#3 /home/u4607/test.si-shop.ru/WWW/wp-content/themes/twentyseventeen/template-parts/header/header-image.php(18): get_template_part('template-parts/...', 'branding')
#4 /home/u4607/test.si-shop.ru/WWW/wp-includes/template.php(724): require('/home/u4607/tes...')
#5 /home/u4607/test.si-shop.ru/WWW/wp-includes/template.php(671): load_template('/home/u4607/tes...', false)
#6 /home/u4607/test.si-shop.ru/WWW/wp-includes/general-template.php(168): locate_template(Array, true, false)
#7 /home/u4607/test.si-shop.ru/WWW/wp-content/them в /home/u4607/test.si-shop.ru/WWW/wp-content/themes/twentyseventeen/template-parts/header/site-branding.php на строке 33

2019-07-31T18:44:53+00:00 CRITICAL Uncaught Error: Call to undefined function twentyseventeen_is_frontpage() in /home/u4607/test.si-shop.ru/WWW/wp-content/themes/twentyseventeen/template-parts/header/site-branding.php:33
Stack trace:
#0 /home/u4607/test.si-shop.ru/WWW/wp-includes/template.php(724): require()
#1 /home/u4607/test.si-shop.ru/WWW/wp-includes/template.php(671): load_template('/home/u4607/tes...', false)
#2 /home/u4607/test.si-shop.ru/WWW/wp-includes/general-template.php(168): locate_template(Array, true, false)
#3 /home/u4607/test.si-shop.ru/WWW/wp-content/themes/twentyseventeen/template-parts/header/header-image.php(18): get_template_part('template-parts/...', 'branding')
#4 /home/u4607/test.si-shop.ru/WWW/wp-includes/template.php(724): require('/home/u4607/tes...')
#5 /home/u4607/test.si-shop.ru/WWW/wp-includes/template.php(671): load_template('/home/u4607/tes...', false)
#6 /home/u4607/test.si-shop.ru/WWW/wp-includes/general-template.php(168): locate_template(Array, true, false)
#7 /home/u4607/test.si-shop.ru/WWW/wp-content/them в /home/u4607/test.si-shop.ru/WWW/wp-content/themes/twentyseventeen/template-parts/header/site-branding.php на строке 33

2019-07-31T18:46:31+00:00 CRITICAL Uncaught Error: Call to undefined function twentyseventeen_is_frontpage() in /home/u4607/test.si-shop.ru/WWW/wp-content/themes/twentyseventeen/template-parts/header/site-branding.php:33
Stack trace:
#0 /home/u4607/test.si-shop.ru/WWW/wp-includes/template.php(724): require()
#1 /home/u4607/test.si-shop.ru/WWW/wp-includes/template.php(671): load_template('/home/u4607/tes...', false)
#2 /home/u4607/test.si-shop.ru/WWW/wp-includes/general-template.php(168): locate_template(Array, true, false)
#3 /home/u4607/test.si-shop.ru/WWW/wp-content/themes/twentyseventeen/template-parts/header/header-image.php(18): get_template_part('template-parts/...', 'branding')
#4 /home/u4607/test.si-shop.ru/WWW/wp-includes/template.php(724): require('/home/u4607/tes...')
#5 /home/u4607/test.si-shop.ru/WWW/wp-includes/template.php(671): load_template('/home/u4607/tes...', false)
#6 /home/u4607/test.si-shop.ru/WWW/wp-includes/general-template.php(168): locate_template(Array, true, false)
#7 /home/u4607/test.si-shop.ru/WWW/wp-content/them в /home/u4607/test.si-shop.ru/WWW/wp-content/themes/twentyseventeen/template-parts/header/site-branding.php на строке 33

2019-07-31T18:46:43+00:00 CRITICAL Uncaught Error: Call to undefined function twentyseventeen_is_frontpage() in /home/u4607/test.si-shop.ru/WWW/wp-content/themes/twentyseventeen/template-parts/header/site-branding.php:33
Stack trace:
#0 /home/u4607/test.si-shop.ru/WWW/wp-includes/template.php(724): require()
#1 /home/u4607/test.si-shop.ru/WWW/wp-includes/template.php(671): load_template('/home/u4607/tes...', false)
#2 /home/u4607/test.si-shop.ru/WWW/wp-includes/general-template.php(168): locate_template(Array, true, false)
#3 /home/u4607/test.si-shop.ru/WWW/wp-content/themes/twentyseventeen/template-parts/header/header-image.php(18): get_template_part('template-parts/...', 'branding')
#4 /home/u4607/test.si-shop.ru/WWW/wp-includes/template.php(724): require('/home/u4607/tes...')
#5 /home/u4607/test.si-shop.ru/WWW/wp-includes/template.php(671): load_template('/home/u4607/tes...', false)
#6 /home/u4607/test.si-shop.ru/WWW/wp-includes/general-template.php(168): locate_template(Array, true, false)
#7 /home/u4607/test.si-shop.ru/WWW/wp-content/them в /home/u4607/test.si-shop.ru/WWW/wp-content/themes/twentyseventeen/template-parts/header/site-branding.php на строке 33

2019-07-31T19:13:55+00:00 CRITICAL syntax error, unexpected '$name' (T_VARIABLE), expecting '{' в /home/u4607/test.si-shop.ru/WWW/wp-content/themes/twentyseventeen-child/functions.php на строке 749

2019-07-31T19:14:54+00:00 CRITICAL syntax error, unexpected '$name' (T_VARIABLE), expecting '{' в /home/u4607/test.si-shop.ru/WWW/wp-content/themes/twentyseventeen-child/functions.php на строке 749

2019-07-31T19:16:04+00:00 CRITICAL syntax error, unexpected '$name' (T_VARIABLE), expecting '{' в /home/u4607/test.si-shop.ru/WWW/wp-content/themes/twentyseventeen-child/functions.php на строке 752

2019-07-31T19:16:06+00:00 CRITICAL syntax error, unexpected '$name' (T_VARIABLE), expecting '{' в /home/u4607/test.si-shop.ru/WWW/wp-content/themes/twentyseventeen-child/functions.php на строке 752

2019-07-31T19:16:24+00:00 CRITICAL syntax error, unexpected 'echo' (T_ECHO), expecting '{' в /home/u4607/test.si-shop.ru/WWW/wp-content/themes/twentyseventeen-child/functions.php на строке 762

2019-07-31T19:19:01+00:00 CRITICAL syntax error, unexpected '$name' (T_VARIABLE), expecting '{' в /home/u4607/test.si-shop.ru/WWW/wp-content/themes/twentyseventeen-child/functions.php на строке 752

2019-07-31T19:19:02+00:00 CRITICAL syntax error, unexpected '$name' (T_VARIABLE), expecting '{' в /home/u4607/test.si-shop.ru/WWW/wp-content/themes/twentyseventeen-child/functions.php на строке 752

2019-07-31T19:36:19+00:00 CRITICAL Uncaught ArgumentCountError: Too few arguments to function custom_variation_price(), 2 passed in /home/u4607/test.si-shop.ru/WWW/wp-includes/class-wp-hook.php on line 286 and exactly 3 expected in /home/u4607/test.si-shop.ru/WWW/wp-content/themes/twentyseventeen-child/functions.php:741
Stack trace:
#0 /home/u4607/test.si-shop.ru/WWW/wp-includes/class-wp-hook.php(286): custom_variation_price('260', Object(WC_Product_Variation))
#1 /home/u4607/test.si-shop.ru/WWW/wp-includes/plugin.php(208): WP_Hook->apply_filters('260', Array)
#2 /home/u4607/test.si-shop.ru/WWW/wp-content/plugins/woocommerce/includes/abstracts/abstract-wc-data.php(735): apply_filters('woocommerce_pro...', '260', Object(WC_Product_Variation))
#3 /home/u4607/test.si-shop.ru/WWW/wp-content/plugins/woocommerce/includes/abstracts/abstract-wc-product.php(267): WC_Data->get_prop('price', 'view')
#4 /home/u4607/test.si-shop.ru/WWW/wp-content/plugins/woocommerce/includes/class-wc-product-variation.php(569): WC_Product->get_price()
#5 /home/u4607/test.s в /home/u4607/test.si-shop.ru/WWW/wp-content/themes/twentyseventeen-child/functions.php на строке 741

2019-07-31T19:36:23+00:00 CRITICAL Uncaught ArgumentCountError: Too few arguments to function custom_variation_price(), 2 passed in /home/u4607/test.si-shop.ru/WWW/wp-includes/class-wp-hook.php on line 286 and exactly 3 expected in /home/u4607/test.si-shop.ru/WWW/wp-content/themes/twentyseventeen-child/functions.php:741
Stack trace:
#0 /home/u4607/test.si-shop.ru/WWW/wp-includes/class-wp-hook.php(286): custom_variation_price('260', Object(WC_Product_Variation))
#1 /home/u4607/test.si-shop.ru/WWW/wp-includes/plugin.php(208): WP_Hook->apply_filters('260', Array)
#2 /home/u4607/test.si-shop.ru/WWW/wp-content/plugins/woocommerce/includes/abstracts/abstract-wc-data.php(735): apply_filters('woocommerce_pro...', '260', Object(WC_Product_Variation))
#3 /home/u4607/test.si-shop.ru/WWW/wp-content/plugins/woocommerce/includes/abstracts/abstract-wc-product.php(267): WC_Data->get_prop('price', 'view')
#4 /home/u4607/test.si-shop.ru/WWW/wp-content/plugins/woocommerce/includes/class-wc-product-variation.php(569): WC_Product->get_price()
#5 /home/u4607/test.s в /home/u4607/test.si-shop.ru/WWW/wp-content/themes/twentyseventeen-child/functions.php на строке 741

2019-07-31T21:17:48+00:00 CRITICAL syntax error, unexpected '}', expecting end of file в /home/u4607/test.si-shop.ru/WWW/wp-content/themes/twentyseventeen-child/functions.php на строке 689

2019-07-31T21:19:10+00:00 CRITICAL syntax error, unexpected '&' в /home/u4607/test.si-shop.ru/WWW/wp-content/themes/twentyseventeen-child/functions.php на строке 677

2019-07-31T21:19:34+00:00 CRITICAL syntax error, unexpected 'is_home' (T_STRING), expecting '(' в /home/u4607/test.si-shop.ru/WWW/wp-content/themes/twentyseventeen-child/functions.php на строке 677

